I tensorflow/stream_executor/dso_loader.cc:108] successfully opened CUDA library libcublas.so locally
I tensorflow/stream_executor/dso_loader.cc:102] Couldn't open CUDA library libcudnn.so. LD_LIBRARY_PATH: /cm/shared/openmind/cuda/7.5/lib64:/cm/shared/openmind/cuda/7.5/lib
I tensorflow/stream_executor/cuda/cuda_dnn.cc:2092] Unable to load cuDNN DSO
I tensorflow/stream_executor/dso_loader.cc:108] successfully opened CUDA library libcufft.so locally
I tensorflow/stream_executor/dso_loader.cc:108] successfully opened CUDA library libcuda.so locally
I tensorflow/stream_executor/dso_loader.cc:108] successfully opened CUDA library libcurand.so locally
E tensorflow/stream_executor/cuda/cuda_driver.cc:491] failed call to cuInit: CUDA_ERROR_NO_DEVICE
I tensorflow/stream_executor/cuda/cuda_diagnostics.cc:140] kernel driver does not appear to be running on this host (node013.cm.cluster): /proc/driver/nvidia/version does not exist
I tensorflow/core/common_runtime/gpu/gpu_init.cc:81] No GPU devices available on machine.
print sys.argv = ['main_nn.py', '2703930', '5', 'HBF1_5_multiple_S_random_HP_test', 'True', 'om_results', 'multiple_S']
len(sys.argv) = 7
print argv = ['main_nn.py', '2703930', '5', 'HBF1_5_multiple_S_random_HP_test', 'True', 'om_results', 'multiple_S']
len(argv) = 7
['main_nn.py', '2703930', '5', 'HBF1_5_multiple_S_random_HP_test', 'True', 'om_results', 'multiple_S']
3
prefix=om_results,slurm_jobid=2703930,slurm_array_task_id=5,job_number=HBF1_5_multiple_S_random_HP_test
==> tensorboard_data_dump_train:  /tmp/mdl_logs/train
==> tensorboard_data_dump_test:  /tmp/mdl_logs/test
mdl_save True
----====> TASK NAME: qianli_func
(N_train,D) =  (60000, 1)
(N_test,D_out) =  (60000, 1)
++> S/b_init  [0.39395327376506695, 0.39395327376506695, 0.39395327376506695]
++> starter_learning_rate  0.00911312131128
-----> Running model: hbf. (nb_hidden_layers = 1, nb_layers = 2)
-----> Units: [1, 5, 1])
train_S_type:  multiple_S
kern_init
0.390587996698
DONE INITILIZING
[None, <tf.Tensor 'Const:0' shape=(1, 5) dtype=float64>]
--> Tensor("Const_1:0", shape=(5,), dtype=float64)
('>', 'Mdl*hbf1*-units[1, 5, 1], task: qianli_func, step 0/40, train err 0.390588, test err 0.390949')
('>', 'Opt:RMSProp, BN False, After0/40 iteration,Init: kern_init')
S:  [None, <tf.Tensor 'Const_1:0' shape=(5,) dtype=float64>]
('>', 'Mdl*hbf1*-units[1, 5, 1], task: qianli_func, step 10/40, train err 0.390588, test err 0.390949')
('>', 'Opt:RMSProp, BN False, After10/40 iteration,Init: kern_init')
S:  [None, <tf.Tensor 'Const_1:0' shape=(5,) dtype=float64>]
('>', 'Mdl*hbf1*-units[1, 5, 1], task: qianli_func, step 20/40, train err 0.390588, test err 0.390949')
('>', 'Opt:RMSProp, BN False, After20/40 iteration,Init: kern_init')
S:  [None, <tf.Tensor 'Const_1:0' shape=(5,) dtype=float64>]
('>', 'Mdl*hbf1*-units[1, 5, 1], task: qianli_func, step 30/40, train err 0.390588, test err 0.390949')
('>', 'Opt:RMSProp, BN False, After30/40 iteration,Init: kern_init')
S:  [None, <tf.Tensor 'Const_1:0' shape=(5,) dtype=float64>]
--- 4.7250790596 seconds ---
--- 0.07875131766 minutes ---
--- 0.001312521961 hours ---

